     diagonalizing the dynamical matrix ...

 q =       0.0000      0.0000      0.0000
 **************************************************************************
     freq (    1) =      -0.000001 [THz] =      -0.000025 [cm-1]
 (  0.081598   0.000000     0.136841   0.000000     0.092910   0.000000   )
 (  0.087037   0.000000    -0.265739   0.000000    -0.417373   0.000000   )
 ( -0.528330   0.000000    -0.265739   0.000000     0.603193   0.000000   )
     freq (    2) =      -0.000000 [THz] =      -0.000016 [cm-1]
 (  0.033936   0.000000    -0.018083   0.000000    -0.295628   0.000000   )
 (  0.387476   0.000000    -0.040006   0.000000    -0.323417   0.000000   )
 ( -0.762528   0.000000    -0.040006   0.000000    -0.267840   0.000000   )
     freq (    3) =       0.000000 [THz] =       0.000005 [cm-1]
 (  0.305002   0.000000    -0.085410   0.000000     0.047748   0.000000   )
 (  0.852106   0.000000     0.041756   0.000000     0.208936   0.000000   )
 (  0.333622   0.000000     0.041756   0.000000    -0.113440   0.000000   )
     freq (    4) =       0.000000 [THz] =       0.000008 [cm-1]
 (  0.176380   0.000000    -0.013385   0.000000    -0.055455   0.000000   )
 ( -0.979191   0.000000    -0.001870   0.000000    -0.040859   0.000000   )
 (  0.015429   0.000000    -0.001870   0.000000    -0.070050   0.000000   )
     freq (    5) =       0.000001 [THz] =       0.000022 [cm-1]
 ( -0.039672   0.000000    -0.366181   0.000000     0.086981   0.000000   )
 ( -0.133208   0.000000    -0.507618   0.000000    -0.092294   0.000000   )
 ( -0.494232   0.000000    -0.507618   0.000000     0.266256   0.000000   )
     freq (    6) =       0.000001 [THz] =       0.000044 [cm-1]
 ( -0.013679   0.000000    -0.006907   0.000000    -0.090120   0.000000   )
 (  0.054568   0.000000    -0.306265   0.000000    -0.469567   0.000000   )
 (  0.704887   0.000000    -0.306265   0.000000     0.289328   0.000000   )
     freq (    7) =      47.238201 [THz] =    1575.696784 [cm-1]
 ( -0.000000   0.000000     0.000000   0.000000    -0.070199   0.000000   )
 (  0.000000   0.000000     0.432641   0.000000     0.557098   0.000000   )
 ( -0.000000   0.000000    -0.432641   0.000000     0.557098   0.000000   )
     freq (    8) =     113.794130 [THz] =    3795.763608 [cm-1]
 ( -0.000000   0.000000     0.000000   0.000000    -0.050523   0.000000   )
 ( -0.000000   0.000000    -0.581346   0.000000     0.400950   0.000000   )
 (  0.000000   0.000000     0.581346   0.000000     0.400950   0.000000   )
     freq (    9) =     116.861752 [THz] =    3898.088465 [cm-1]
 ( -0.000000   0.000000    -0.069782   0.000000    -0.000000   0.000000   )
 ( -0.000000   0.000000     0.553788   0.000000    -0.436902   0.000000   )
 ( -0.000000   0.000000     0.553788   0.000000     0.436902   0.000000   )
 **************************************************************************
