
     Program POST-RISM v.7.3.1 starts on  9Jun2024 at 15: 7:40 

     This program is part of the open-source Quantum ESPRESSO suite
     for quantum simulation of materials; please cite
         "P. Giannozzi et al., J. Phys.:Condens. Matter 21 395502 (2009);
         "P. Giannozzi et al., J. Phys.:Condens. Matter 29 465901 (2017);
         "P. Giannozzi et al., J. Chem. Phys. 152 154105 (2020);
          URL http://www.quantum-espresso.org", 
     in publications or presentations arising from this work. More details at
     http://www.quantum-espresso.org/quote

     Parallel version (MPI), running on    32 processors

     MPI processes distributed on     1 nodes
     R & G space division:  proc/nbgrp/npool/nimage =      32
     144574 MiB available memory on the printing compute node when the environment starts
 

     Reading xml data from directory:

     output/opt.save/

     IMPORTANT: XC functional enforced from input :
     Exchange-correlation= PBE
                           (   1   4   3   4   0   0   0)
     Any further DFT definition will be discarded
     Please, verify this is what you really want

 
     Parallelization info
     --------------------
     sticks:   dense  smooth     PW     G-vecs:    dense   smooth      PW
     Min          65      32      9                14054     4956     765
     Max          66      33     10                14087     4993     792
     Sum        2083    1039    301               450233   159127   24819
 
     Using Slab Decomposition
 

     negative rho (up, down):  1.587E-03 0.000E+00

     solvent charge   -0.00009, renormalised to   -0.00000

     Punching data of Laue-RISM
     Writing data to file  opt.pprism
     Reading header from file  opt.pprism
     Reading data from file  opt.pprism

     Writing data to be plotted to file opt.3drism_chg.cube
     Message from routine solvdens:
     FOURIER is not done.

     Writing data to be plotted to file opt.3drism_v_solv.cube
     Message from routine solvdens:
     FOURIER is not done.

     Writing data to be plotted to file opt.3drism_v_solu.cube
     Message from routine solvdens:
     FOURIER is not done.

     Writing data to be plotted to file opt.3drism_v_tot.cube
     Message from routine solvdens:
     FOURIER is not done.

     Writing data to be plotted to file opt.3drism_rho#1_O.h2o.cube
     Message from routine solvdens:
     FOURIER is not done.

     Writing data to be plotted to file opt.3drism_rho#2_H.h2o.cube
     Message from routine solvdens:
     FOURIER is not done.

     Writing data to be plotted to file opt.3drism_rho#3_L.h2o.cube
     Message from routine solvdens:
     FOURIER is not done.

     Writing data to be plotted to file opt.3drism_rho#4_K.cube
     Message from routine solvdens:
     FOURIER is not done.

     Writing data to be plotted to file opt.3drism_rho#5_O.oh.cube
     Message from routine solvdens:
     FOURIER is not done.

     Writing data to be plotted to file opt.3drism_rho#6_H.oh.cube
     Message from routine solvdens:
     FOURIER is not done.

     Plot Type     : 3D
     Output format : Gaussian cube
 
     POST-RISM    :      5.30s CPU      7.08s WALL

 
   This run was terminated on:  15: 7:47   9Jun2024            

=------------------------------------------------------------------------------=
   JOB DONE.
=------------------------------------------------------------------------------=
