no change     /lustrefs/disk/modules/easybuild/software/Mamba/23.11.0-0/condabin/conda
no change     /lustrefs/disk/modules/easybuild/software/Mamba/23.11.0-0/bin/conda
no change     /lustrefs/disk/modules/easybuild/software/Mamba/23.11.0-0/bin/conda-env
no change     /lustrefs/disk/modules/easybuild/software/Mamba/23.11.0-0/bin/activate
no change     /lustrefs/disk/modules/easybuild/software/Mamba/23.11.0-0/bin/deactivate
no change     /lustrefs/disk/modules/easybuild/software/Mamba/23.11.0-0/etc/profile.d/conda.sh
no change     /lustrefs/disk/modules/easybuild/software/Mamba/23.11.0-0/etc/fish/conf.d/conda.fish
no change     /lustrefs/disk/modules/easybuild/software/Mamba/23.11.0-0/shell/condabin/Conda.psm1
no change     /lustrefs/disk/modules/easybuild/software/Mamba/23.11.0-0/shell/condabin/conda-hook.ps1
no change     /lustrefs/disk/modules/easybuild/software/Mamba/23.11.0-0/lib/python3.10/site-packages/xontrib/conda.xsh
no change     /lustrefs/disk/modules/easybuild/software/Mamba/23.11.0-0/etc/profile.d/conda.csh
no change     /home/pmano/.bashrc
No action taken.
atomic species found :  ['O', 'H']
creating input
   RISM  yes
   FCP   no
performing relax mode
atomic species found :  ['O', 'H']
creating input
   RISM  yes
   FCP   no
performing vibration mode
calculate vibration for atoms index  :  [0, 1, 2, 3]
calculate vibration for atoms symbol :  ['O' 'H' 'H' 'H']
---------------------
  #    meV     cm^-1
---------------------
  0    7.7i     62.2i
  1    3.8i     30.4i
  2    3.0i     24.4i
  3    0.4i      3.4i
  4    2.8      22.3
  5    5.8      47.1
  6  120.8     974.1
  7  189.4    1528.0
  8  189.5    1528.2
  9  427.4    3447.3
 10  427.5    3448.3
 11  428.1    3452.6
---------------------
Zero-point energy: 0.896 eV
Enthalpy components at T = 298.15 K:
===============================
E_pot                  0.000 eV
E_ZPE                  0.891 eV
Cv_trans (0->T)        0.039 eV
Cv_rot (0->T)          0.039 eV
Cv_vib (0->T)          0.001 eV
(C_v -> C_p)           0.026 eV
-------------------------------
H                      0.995 eV
===============================

Entropy components at T = 298.15 K and P = 101325.0 Pa:
=================================================
                           S               T*S
S_trans (1 bar)    0.0015090 eV/K        0.450 eV
S_rot              0.0004949 eV/K        0.148 eV
S_elec             0.0000000 eV/K        0.000 eV
S_vib              0.0000054 eV/K        0.002 eV
S (1 bar -> P)    -0.0000011 eV/K       -0.000 eV
-------------------------------------------------
S                  0.0020082 eV/K        0.599 eV
=================================================

Free energy components at T = 298.15 K and P = 101325.0 Pa:
=======================
    H          0.995 eV
 -T*S         -0.599 eV
-----------------------
    G          0.397 eV
=======================
